# JRE version: Java(TM) SE Runtime Environment (8.0_112-b15) (build 1.8.0_112-b15)
# Java VM: Java HotSpot(TM) 64-Bit Server VM (25.112-b15 mixed mode windows-amd64 compressed oops)
Heap:
 PSYoungGen      total 122880K, used 68394K [0x00000000eab00000, 0x00000000f4400000, 0x0000000100000000)
  eden space 105984K, 48% used [0x00000000eab00000,0x00000000edd9e588,0x00000000f1280000)
  from space 16896K, 98% used [0x00000000f1280000,0x00000000f22ac3c8,0x00000000f2300000)
  to   space 19456K, 0% used [0x00000000f3100000,0x00000000f3100000,0x00000000f4400000)
 ParOldGen       total 68096K, used 43398K [0x00000000c0000000, 0x00000000c4280000, 0x00000000eab00000)
  object space 68096K, 63% used [0x00000000c0000000,0x00000000c2a61ab0,0x00000000c4280000)
 Metaspace       used 64903K, capacity 67034K, committed 67240K, reserved 1107968K
  class space    used 8302K, capacity 8847K, committed 8872K, reserved 1048576K
GC Heap History (10 events):
Event: 241.794 GC heap before
{Heap before GC invocations=22 (full 3):
 PSYoungGen      total 101888K, used 93594K [0x00000000eab00000, 0x00000000f3180000, 0x0000000100000000)
  eden space 89600K, 90% used [0x00000000eab00000,0x00000000efa6a728,0x00000000f0280000)
  from space 12288K, 99% used [0x00000000f1200000,0x00000000f1dfc240,0x00000000f1e00000)
  to   space 15872K, 0% used [0x00000000f0280000,0x00000000f0280000,0x00000000f1200000)
 ParOldGen       total 68096K, used 44501K [0x00000000c0000000, 0x00000000c4280000, 0x00000000eab00000)
  object space 68096K, 65% used [0x00000000c0000000,0x00000000c2b75538,0x00000000c4280000)
 Metaspace       used 58303K, capacity 60168K, committed 60328K, reserved 1101824K
  class space    used 7607K, capacity 8068K, committed 8104K, reserved 1048576K
Event: 241.811 GC heap after
Heap after GC invocations=22 (full 3):
 PSYoungGen      total 105472K, used 13886K [0x00000000eab00000, 0x00000000f3480000, 0x0000000100000000)
  eden space 89600K, 0% used [0x00000000eab00000,0x00000000eab00000,0x00000000f0280000)
  from space 15872K, 87% used [0x00000000f0280000,0x00000000f100f9c8,0x00000000f1200000)
  to   space 17408K, 0% used [0x00000000f2380000,0x00000000f2380000,0x00000000f3480000)
 ParOldGen       total 68096K, used 44509K [0x00000000c0000000, 0x00000000c4280000, 0x00000000eab00000)
  object space 68096K, 65% used [0x00000000c0000000,0x00000000c2b77538,0x00000000c4280000)
 Metaspace       used 58303K, capacity 60168K, committed 60328K, reserved 1101824K
  class space    used 7607K, capacity 8068K, committed 8104K, reserved 1048576K
}
Event: 241.811 GC heap before
{Heap before GC invocations=23 (full 4):
 PSYoungGen      total 105472K, used 13886K [0x00000000eab00000, 0x00000000f3480000, 0x0000000100000000)
  eden space 89600K, 0% used [0x00000000eab00000,0x00000000eab00000,0x00000000f0280000)
  from space 15872K, 87% used [0x00000000f0280000,0x00000000f100f9c8,0x00000000f1200000)
  to   space 17408K, 0% used [0x00000000f2380000,0x00000000f2380000,0x00000000f3480000)
 ParOldGen       total 68096K, used 44509K [0x00000000c0000000, 0x00000000c4280000, 0x00000000eab00000)
  object space 68096K, 65% used [0x00000000c0000000,0x00000000c2b77538,0x00000000c4280000)
 Metaspace       used 58303K, capacity 60168K, committed 60328K, reserved 1101824K
  class space    used 7607K, capacity 8068K, committed 8104K, reserved 1048576K
Event: 242.090 GC heap after
Heap after GC invocations=23 (full 4):
 PSYoungGen      total 105472K, used 0K [0x00000000eab00000, 0x00000000f3480000, 0x0000000100000000)
  eden space 89600K, 0% used [0x00000000eab00000,0x00000000eab00000,0x00000000f0280000)
  from space 15872K, 0% used [0x00000000f0280000,0x00000000f0280000,0x00000000f1200000)
  to   space 17408K, 0% used [0x00000000f2380000,0x00000000f2380000,0x00000000f3480000)
 ParOldGen       total 68096K, used 44839K [0x00000000c0000000, 0x00000000c4280000, 0x00000000eab00000)
  object space 68096K, 65% used [0x00000000c0000000,0x00000000c2bc9d80,0x00000000c4280000)
 Metaspace       used 58276K, capacity 60084K, committed 60328K, reserved 1101824K
  class space    used 7603K, capacity 8064K, committed 8104K, reserved 1048576K
}
Event: 539.645 GC heap before
{Heap before GC invocations=24 (full 4):
 PSYoungGen      total 105472K, used 37355K [0x00000000eab00000, 0x00000000f3480000, 0x0000000100000000)
  eden space 89600K, 41% used [0x00000000eab00000,0x00000000ecf7afe8,0x00000000f0280000)
  from space 15872K, 0% used [0x00000000f0280000,0x00000000f0280000,0x00000000f1200000)
  to   space 17408K, 0% used [0x00000000f2380000,0x00000000f2380000,0x00000000f3480000)
 ParOldGen       total 68096K, used 44839K [0x00000000c0000000, 0x00000000c4280000, 0x00000000eab00000)
  object space 68096K, 65% used [0x00000000c0000000,0x00000000c2bc9d80,0x00000000c4280000)
 Metaspace       used 58565K, capacity 60378K, committed 60584K, reserved 1101824K
  class space    used 7613K, capacity 8081K, committed 8104K, reserved 1048576K
Event: 539.658 GC heap after
Heap after GC invocations=24 (full 4):
 PSYoungGen      total 122368K, used 8768K [0x00000000eab00000, 0x00000000f3380000, 0x0000000100000000)
  eden space 105984K, 0% used [0x00000000eab00000,0x00000000eab00000,0x00000000f1280000)
  from space 16384K, 53% used [0x00000000f2380000,0x00000000f2c10000,0x00000000f3380000)
  to   space 16896K, 0% used [0x00000000f1280000,0x00000000f1280000,0x00000000f2300000)
 ParOldGen       total 68096K, used 44847K [0x00000000c0000000, 0x00000000c4280000, 0x00000000eab00000)
  object space 68096K, 65% used [0x00000000c0000000,0x00000000c2bcbd80,0x00000000c4280000)
 Metaspace       used 58565K, capacity 60378K, committed 60584K, reserved 1101824K
  class space    used 7613K, capacity 8081K, committed 8104K, reserved 1048576K
}
Event: 539.658 GC heap before
{Heap before GC invocations=25 (full 5):
 PSYoungGen      total 122368K, used 8768K [0x00000000eab00000, 0x00000000f3380000, 0x0000000100000000)
  eden space 105984K, 0% used [0x00000000eab00000,0x00000000eab00000,0x00000000f1280000)
  from space 16384K, 53% used [0x00000000f2380000,0x00000000f2c10000,0x00000000f3380000)
  to   space 16896K, 0% used [0x00000000f1280000,0x00000000f1280000,0x00000000f2300000)
 ParOldGen       total 68096K, used 44847K [0x00000000c0000000, 0x00000000c4280000, 0x00000000eab00000)
  object space 68096K, 65% used [0x00000000c0000000,0x00000000c2bcbd80,0x00000000c4280000)
 Metaspace       used 58565K, capacity 60378K, committed 60584K, reserved 1101824K
  class space    used 7613K, capacity 8081K, committed 8104K, reserved 1048576K
Event: 539.916 GC heap after
Heap after GC invocations=25 (full 5):
 PSYoungGen      total 122368K, used 0K [0x00000000eab00000, 0x00000000f3380000, 0x0000000100000000)
  eden space 105984K, 0% used [0x00000000eab00000,0x00000000eab00000,0x00000000f1280000)
  from space 16384K, 0% used [0x00000000f2380000,0x00000000f2380000,0x00000000f3380000)
  to   space 16896K, 0% used [0x00000000f1280000,0x00000000f1280000,0x00000000f2300000)
 ParOldGen       total 68096K, used 43390K [0x00000000c0000000, 0x00000000c4280000, 0x00000000eab00000)
  object space 68096K, 63% used [0x00000000c0000000,0x00000000c2a5fab0,0x00000000c4280000)
 Metaspace       used 58565K, capacity 60378K, committed 60584K, reserved 1101824K
  class space    used 7613K, capacity 8081K, committed 8104K, reserved 1048576K
}
Event: 1211.052 GC heap before
{Heap before GC invocations=26 (full 5):
 PSYoungGen      total 122368K, used 105984K [0x00000000eab00000, 0x00000000f3380000, 0x0000000100000000)
  eden space 105984K, 100% used [0x00000000eab00000,0x00000000f1280000,0x00000000f1280000)
  from space 16384K, 0% used [0x00000000f2380000,0x00000000f2380000,0x00000000f3380000)
  to   space 16896K, 0% used [0x00000000f1280000,0x00000000f1280000,0x00000000f2300000)
 ParOldGen       total 68096K, used 43390K [0x00000000c0000000, 0x00000000c4280000, 0x00000000eab00000)
  object space 68096K, 63% used [0x00000000c0000000,0x00000000c2a5fab0,0x00000000c4280000)
 Metaspace       used 63456K, capacity 65456K, committed 65832K, reserved 1105920K
  class space    used 8157K, capacity 8672K, committed 8744K, reserved 1048576K
Event: 1211.248 GC heap after
Heap after GC invocations=26 (full 5):
 PSYoungGen      total 122880K, used 16560K [0x00000000eab00000, 0x00000000f4400000, 0x0000000100000000)
  eden space 105984K, 0% used [0x00000000eab00000,0x00000000eab00000,0x00000000f1280000)
  from space 16896K, 98% used [0x00000000f1280000,0x00000000f22ac3c8,0x00000000f2300000)
  to   space 19456K, 0% used [0x00000000f3100000,0x00000000f3100000,0x00000000f4400000)
 ParOldGen       total 68096K, used 43398K [0x00000000c0000000, 0x00000000c4280000, 0x00000000eab00000)
  object space 68096K, 63% used [0x00000000c0000000,0x00000000c2a61ab0,0x00000000c4280000)
 Metaspace       used 63456K, capacity 65456K, committed 65832K, reserved 1105920K
  class space    used 8157K, capacity 8672K, committed 8744K, reserved 1048576K
}

